{"level":"warn","message":"Page not found, Url:  /inf"}
{"level":"warn","message":"Page not found, Url:  /inf"}
{"level":"warn","message":"Page not found, Url:  /inf, [object Object]"}
{"level":"warn","message":"Page not found, Url:  /inf, 1.1"}
{"level":"warn","message":"Page not found, Url:  /inf, GET"}
{"level":"warn","message":"Page not found, Url:  /inf, metodo: GET"}
{"level":"warn","message":"Page not found, Url:  /inf, metodo: GET"}
{"level":"warn","message":"Page not found, Url:  /inf, metodo: GET"}
{"level":"warn","message":"Page not found, Url:  /inf, metodo: GET"}
{"level":"warn","message":"Page not found, Url:  /inf, metodo: GET"}
{"level":"warn","message":"Page not found, Url:  /123123123123, metodo: GET"}
{"level":"warn","message":"Page not found, Url:  /123123123123, metodo: GET"}
{"level":"warn","message":"Page not found, Url:  /123123123123, metodo: GET"}
{"level":"warn","message":"Page not found, Url:  /123123123123, metodo: GET"}
{"level":"warn","message":"Page not found, Url:  /123123123123, metodo: GET"}
{"level":"warn","message":"Page not found, Url:  /65, metodo: GET"}
{"level":"warn","message":"Page not found, Url:  /123123123123, metodo: GET"}
{"level":"warn","message":"Page not found, Url:  /random, metodo: GET"}
{"level":"warn","message":"Page not found, Url:  /images/icons/gear.png, metodo: GET"}
{"level":"warn","message":{"$0":"serverExpress.js","_":[],"m":"CLUSTER","modo":"CLUSTER"}}
{"level":"warn","message":{"$0":"serverExpress.js","_":[],"m":"CLUSTER","modo":"CLUSTER"}}
{"level":"warn","message":{"$0":"serverExpress.js","_":[],"m":"CLUSTER","modo":"CLUSTER"}}
{"level":"warn","message":{"$0":"serverExpress.js","_":[],"m":"CLUSTER","modo":"CLUSTER"}}
{"level":"warn","message":{"$0":"serverExpress.js","_":[],"m":"CLUSTER","modo":"CLUSTER"}}
{"level":"warn","message":{"$0":"serverExpress.js","_":[],"m":"CLUSTER","modo":"CLUSTER"}}
{"level":"warn","message":{"$0":"serverExpress.js","_":[],"m":"CLUSTER","modo":"CLUSTER"}}
{"level":"warn","message":{"$0":"serverExpress.js","_":[],"m":"CLUSTER","modo":"CLUSTER"}}
{"level":"warn","message":{"$0":"serverExpress.js","_":[],"m":"CLUSTER","modo":"CLUSTER"}}
{"level":"warn","message":{"$0":"serverExpress.js","_":[],"m":"CLUSTER","modo":"CLUSTER"}}
{"level":"warn","message":{"$0":"serverExpress.js","_":[],"m":"CLUSTER","modo":"CLUSTER"}}
{"level":"warn","message":{"$0":"serverExpress.js","_":[],"m":"CLUSTER","modo":"CLUSTER"}}
{"level":"warn","message":{"$0":"serverExpress.js","_":[],"m":"CLUSTER","modo":"CLUSTER"}}
{"level":"warn","message":{"$0":"serverExpress.js","_":[],"m":"CLUSTER","modo":"CLUSTER"}}
{"level":"warn","message":{"$0":"serverExpress.js","_":[],"m":"CLUSTER","modo":"CLUSTER"}}
{"level":"warn","message":{"$0":"serverExpress.js","_":[],"m":"CLUSTER","modo":"CLUSTER"}}
{"level":"warn","message":{"$0":"serverExpress.js","_":[],"m":"CLUSTER","modo":"CLUSTER"}}
{"level":"warn","message":{"$0":"serverExpress.js","_":[],"m":"CLUSTER","modo":"CLUSTER"}}
{"level":"warn","message":{"$0":"serverExpress.js","_":[],"m":"CLUSTER","modo":"CLUSTER"}}
{"level":"warn","message":{"$0":"serverExpress.js","_":[],"m":"CLUSTER","modo":"CLUSTER"}}
{"level":"warn","message":{"$0":"serverExpress.js","_":[],"m":"CLUSTER","modo":"CLUSTER"}}
{"level":"warn","message":{"$0":"serverExpress.js","_":[],"m":"CLUSTER","modo":"CLUSTER"}}
{"level":"warn","message":{"$0":"serverExpress.js","_":[],"m":"CLUSTER","modo":"CLUSTER"}}
{"level":"warn","message":{"$0":"serverExpress.js","_":[],"m":"CLUSTER","modo":"CLUSTER"}}
{"level":"warn","message":{"$0":"serverExpress.js","_":[],"m":"CLUSTER","modo":"CLUSTER"}}
{"level":"warn","message":{"$0":"serverExpress.js","_":[],"m":"CLUSTER","modo":"CLUSTER"}}
{"level":"warn","message":{"$0":"serverExpress.js","_":[],"m":"CLUSTER","modo":"CLUSTER"}}
{"level":"warn","message":{"$0":"serverExpress.js","_":[],"m":"CLUSTER","modo":"CLUSTER"}}
{"level":"warn","message":{"$0":"serverExpress.js","_":[],"m":"CLUSTER","modo":"CLUSTER"}}
{"level":"warn","message":{"$0":"serverExpress.js","_":[],"m":"CLUSTER","modo":"CLUSTER"}}
{"level":"warn","message":{"$0":"serverExpress.js","_":[],"m":"CLUSTER","modo":"CLUSTER"}}
{"level":"warn","message":{"$0":"serverExpress.js","_":[],"m":"CLUSTER","modo":"CLUSTER"}}
